# JRE version: Java(TM) SE Runtime Environment (8.0_181-b13) (build 1.8.0_181-b13)
# Java VM: Java HotSpot(TM) 64-Bit Server VM (25.181-b13 mixed mode windows-amd64 compressed oops)
Heap:
 PSYoungGen      total 262656K, used 187584K [0x00000000d6300000, 0x00000000edc00000, 0x0000000100000000)
  eden space 250368K, 70% used [0x00000000d6300000,0x00000000e0e33038,0x00000000e5780000)
  from space 12288K, 99% used [0x00000000e5780000,0x00000000e637d060,0x00000000e6380000)
  to   space 21504K, 0% used [0x00000000ec700000,0x00000000ec700000,0x00000000edc00000)
 ParOldGen       total 82944K, used 50786K [0x0000000082800000, 0x0000000087900000, 0x00000000d6300000)
  object space 82944K, 61% used [0x0000000082800000,0x0000000085998a70,0x0000000087900000)
 Metaspace       used 42459K, capacity 44222K, committed 44288K, reserved 1087488K
  class space    used 5246K, capacity 5572K, committed 5632K, reserved 1048576K
GC Heap History (10 events):
Event: 19.006 GC heap before
{Heap before GC invocations=11 (full 1):
 PSYoungGen      total 129536K, used 129512K [0x00000000d6300000, 0x00000000e2780000, 0x0000000100000000)
  eden space 121856K, 100% used [0x00000000d6300000,0x00000000dda00000,0x00000000dda00000)
  from space 7680K, 99% used [0x00000000dda00000,0x00000000de17a050,0x00000000de180000)
  to   space 10752K, 0% used [0x00000000e1d00000,0x00000000e1d00000,0x00000000e2780000)
 ParOldGen       total 42496K, used 10973K [0x0000000082800000, 0x0000000085180000, 0x00000000d6300000)
  object space 42496K, 25% used [0x0000000082800000,0x00000000832b76f0,0x0000000085180000)
 Metaspace       used 34007K, capacity 34730K, committed 35072K, reserved 1079296K
  class space    used 4280K, capacity 4491K, committed 4608K, reserved 1048576K
Event: 19.035 GC heap after
Heap after GC invocations=11 (full 1):
 PSYoungGen      total 188416K, used 9910K [0x00000000d6300000, 0x00000000e2780000, 0x0000000100000000)
  eden space 177664K, 0% used [0x00000000d6300000,0x00000000d6300000,0x00000000e1080000)
  from space 10752K, 92% used [0x00000000e1d00000,0x00000000e26adaf0,0x00000000e2780000)
  to   space 11776K, 0% used [0x00000000e1080000,0x00000000e1080000,0x00000000e1c00000)
 ParOldGen       total 42496K, used 15390K [0x0000000082800000, 0x0000000085180000, 0x00000000d6300000)
  object space 42496K, 36% used [0x0000000082800000,0x00000000837079b8,0x0000000085180000)
 Metaspace       used 34007K, capacity 34730K, committed 35072K, reserved 1079296K
  class space    used 4280K, capacity 4491K, committed 4608K, reserved 1048576K
}
Event: 73.219 GC heap before
{Heap before GC invocations=12 (full 1):
 PSYoungGen      total 188416K, used 98077K [0x00000000d6300000, 0x00000000e2780000, 0x0000000100000000)
  eden space 177664K, 49% used [0x00000000d6300000,0x00000000db919918,0x00000000e1080000)
  from space 10752K, 92% used [0x00000000e1d00000,0x00000000e26adaf0,0x00000000e2780000)
  to   space 11776K, 0% used [0x00000000e1080000,0x00000000e1080000,0x00000000e1c00000)
 ParOldGen       total 42496K, used 15390K [0x0000000082800000, 0x0000000085180000, 0x00000000d6300000)
  object space 42496K, 36% used [0x0000000082800000,0x00000000837079b8,0x0000000085180000)
 Metaspace       used 34660K, capacity 35356K, committed 35496K, reserved 1081344K
  class space    used 4332K, capacity 4526K, committed 4608K, reserved 1048576K
Event: 73.236 GC heap after
Heap after GC invocations=12 (full 1):
 PSYoungGen      total 189440K, used 5568K [0x00000000d6300000, 0x00000000e7180000, 0x0000000100000000)
  eden space 177664K, 0% used [0x00000000d6300000,0x00000000d6300000,0x00000000e1080000)
  from space 11776K, 47% used [0x00000000e1080000,0x00000000e15f0040,0x00000000e1c00000)
  to   space 11776K, 0% used [0x00000000e6600000,0x00000000e6600000,0x00000000e7180000)
 ParOldGen       total 42496K, used 24724K [0x0000000082800000, 0x0000000085180000, 0x00000000d6300000)
  object space 42496K, 58% used [0x0000000082800000,0x0000000084025258,0x0000000085180000)
 Metaspace       used 34660K, capacity 35356K, committed 35496K, reserved 1081344K
  class space    used 4332K, capacity 4526K, committed 4608K, reserved 1048576K
}
Event: 73.236 GC heap before
{Heap before GC invocations=13 (full 2):
 PSYoungGen      total 189440K, used 5568K [0x00000000d6300000, 0x00000000e7180000, 0x0000000100000000)
  eden space 177664K, 0% used [0x00000000d6300000,0x00000000d6300000,0x00000000e1080000)
  from space 11776K, 47% used [0x00000000e1080000,0x00000000e15f0040,0x00000000e1c00000)
  to   space 11776K, 0% used [0x00000000e6600000,0x00000000e6600000,0x00000000e7180000)
 ParOldGen       total 42496K, used 24724K [0x0000000082800000, 0x0000000085180000, 0x00000000d6300000)
  object space 42496K, 58% used [0x0000000082800000,0x0000000084025258,0x0000000085180000)
 Metaspace       used 34660K, capacity 35356K, committed 35496K, reserved 1081344K
  class space    used 4332K, capacity 4526K, committed 4608K, reserved 1048576K
Event: 73.763 GC heap after
Heap after GC invocations=13 (full 2):
 PSYoungGen      total 189440K, used 0K [0x00000000d6300000, 0x00000000e7180000, 0x0000000100000000)
  eden space 177664K, 0% used [0x00000000d6300000,0x00000000d6300000,0x00000000e1080000)
  from space 11776K, 0% used [0x00000000e1080000,0x00000000e1080000,0x00000000e1c00000)
  to   space 11776K, 0% used [0x00000000e6600000,0x00000000e6600000,0x00000000e7180000)
 ParOldGen       total 82944K, used 29616K [0x0000000082800000, 0x0000000087900000, 0x00000000d6300000)
  object space 82944K, 35% used [0x0000000082800000,0x00000000844ec220,0x0000000087900000)
 Metaspace       used 34660K, capacity 35356K, committed 35496K, reserved 1081344K
  class space    used 4332K, capacity 4526K, committed 4608K, reserved 1048576K
}
Event: 88.094 GC heap before
{Heap before GC invocations=14 (full 2):
 PSYoungGen      total 189440K, used 177664K [0x00000000d6300000, 0x00000000e7180000, 0x0000000100000000)
  eden space 177664K, 100% used [0x00000000d6300000,0x00000000e1080000,0x00000000e1080000)
  from space 11776K, 0% used [0x00000000e1080000,0x00000000e1080000,0x00000000e1c00000)
  to   space 11776K, 0% used [0x00000000e6600000,0x00000000e6600000,0x00000000e7180000)
 ParOldGen       total 82944K, used 29616K [0x0000000082800000, 0x0000000087900000, 0x00000000d6300000)
  object space 82944K, 35% used [0x0000000082800000,0x00000000844ec220,0x0000000087900000)
 Metaspace       used 38313K, capacity 39352K, committed 39680K, reserved 1083392K
  class space    used 4733K, capacity 4996K, committed 5120K, reserved 1048576K
Event: 88.104 GC heap after
Heap after GC invocations=14 (full 2):
 PSYoungGen      total 260096K, used 9392K [0x00000000d6300000, 0x00000000e6f80000, 0x0000000100000000)
  eden space 250368K, 0% used [0x00000000d6300000,0x00000000d6300000,0x00000000e5780000)
  from space 9728K, 96% used [0x00000000e6600000,0x00000000e6f2c030,0x00000000e6f80000)
  to   space 12288K, 0% used [0x00000000e5780000,0x00000000e5780000,0x00000000e6380000)
 ParOldGen       total 82944K, used 29624K [0x0000000082800000, 0x0000000087900000, 0x00000000d6300000)
  object space 82944K, 35% used [0x0000000082800000,0x00000000844ee220,0x0000000087900000)
 Metaspace       used 38313K, capacity 39352K, committed 39680K, reserved 1083392K
  class space    used 4733K, capacity 4996K, committed 5120K, reserved 1048576K
}
Event: 113.249 GC heap before
{Heap before GC invocations=15 (full 2):
 PSYoungGen      total 260096K, used 259760K [0x00000000d6300000, 0x00000000e6f80000, 0x0000000100000000)
  eden space 250368K, 100% used [0x00000000d6300000,0x00000000e5780000,0x00000000e5780000)
  from space 9728K, 96% used [0x00000000e6600000,0x00000000e6f2c030,0x00000000e6f80000)
  to   space 12288K, 0% used [0x00000000e5780000,0x00000000e5780000,0x00000000e6380000)
 ParOldGen       total 82944K, used 29624K [0x0000000082800000, 0x0000000087900000, 0x00000000d6300000)
  object space 82944K, 35% used [0x0000000082800000,0x00000000844ee220,0x0000000087900000)
 Metaspace       used 42189K, capacity 44018K, committed 44288K, reserved 1087488K
  class space    used 5231K, capacity 5570K, committed 5632K, reserved 1048576K
Event: 113.278 GC heap after
Heap after GC invocations=15 (full 2):
 PSYoungGen      total 262656K, used 12276K [0x00000000d6300000, 0x00000000edc00000, 0x0000000100000000)
  eden space 250368K, 0% used [0x00000000d6300000,0x00000000d6300000,0x00000000e5780000)
  from space 12288K, 99% used [0x00000000e5780000,0x00000000e637d060,0x00000000e6380000)
  to   space 21504K, 0% used [0x00000000ec700000,0x00000000ec700000,0x00000000edc00000)
 ParOldGen       total 82944K, used 50786K [0x0000000082800000, 0x0000000087900000, 0x00000000d6300000)
  object space 82944K, 61% used [0x0000000082800000,0x0000000085998a70,0x0000000087900000)
 Metaspace       used 42189K, capacity 44018K, committed 44288K, reserved 1087488K
  class space    used 5231K, capacity 5570K, committed 5632K, reserved 1048576K
}

